<?xml version="1.0" encoding="UTF-8"?>
<!-- Generated by org.testng.reporters.JUnitReportReporter -->
<testsuite hostname="RjM-XPS" failures="0" tests="2" name="Test.HomePage" time="10.242" errors="0" timestamp="2022-02-16T10:39:11 EST" skipped="0">
  <testcase classname="Test.HomePage" name="basePageNavigationTest" time="7.359"/>
  <system-out/>
  <testcase classname="Test.HomePage" name="basePageNavigationTest" time="2.883"/>
  <system-out/>
</testsuite> <!-- Test.HomePage -->
