<?xml version="1.0" encoding="UTF-8"?>
<!-- Generated by org.testng.reporters.JUnitReportReporter -->
<testsuite hostname="RjM-XPS" failures="0" tests="1" name="Test.ValidateNavigation" time="0.105" errors="0" timestamp="2022-02-16T09:20:02 EST" skipped="0">
  <testcase classname="Test.ValidateNavigation" name="basePageNavigationTest" time="0.105"/>
  <system-out/>
</testsuite> <!-- Test.ValidateNavigation -->
