<?xml version="1.0" encoding="UTF-8"?>
<!-- Generated by org.testng.reporters.JUnitReportReporter -->
<testsuite hostname="RjM-XPS" failures="0" tests="1" name="pageObjects.ValidateTitle" time="5.736" errors="0" timestamp="2022-02-14T11:12:19 EST" skipped="0">
  <testcase classname="pageObjects.ValidateTitle" name="basePageNavigationTest" time="5.736"/>
  <system-out/>
</testsuite> <!-- pageObjects.ValidateTitle -->
