<?xml version="1.0" encoding="UTF-8"?>
<!-- Generated by org.testng.reporters.JUnitReportReporter -->
<testsuite hostname="RjM-XPS" failures="0" tests="1" name="Academy.ValidateNavigation" time="6.421" errors="0" timestamp="2022-02-14T16:13:46 EST" skipped="0">
  <testcase classname="Academy.ValidateNavigation" name="basePageNavigationTest" time="6.421"/>
  <system-out/>
</testsuite> <!-- Academy.ValidateNavigation -->
